[2023-06-28 16:52:34:429 ] [32m[background-preinit][0;39m [34mINFO [0;39m [1;37m[org.hibernate.validator.internal.util.Version.<clinit>:[33m21[0;39m][0;39m - HV000001: Hibernate Validator 6.2.5.Final
[2023-06-28 16:52:34:433 ] [32m[main][0;39m [34mINFO [0;39m [1;37m[org.springframework.boot.StartupInfoLogger.logStarting:[33m55[0;39m][0;39m - Starting KakaoBeanApplication using Java 17.0.6 on ansubin-ui-MacBookAir.local with PID 78357 (/Users/ansubin/Desktop/카엔프 학기 중 프로젝트/summer-corporate-practice-backend/api/build/classes/java/main started by ansubin in /Users/ansubin/Desktop/카엔프 학기 중 프로젝트/summer-corporate-practice-backend)
[2023-06-28 16:52:34:434 ] [32m[main][0;39m [34mINFO [0;39m [1;37m[org.springframework.boot.SpringApplication.logStartupProfileInfo:[33m637[0;39m][0;39m - The following 2 profiles are active: "core", "independently-system"
[2023-06-28 16:52:34:1044] [32m[main][0;39m [34mINFO [0;39m [1;37m[org.springframework.data.repository.config.RepositoryConfigurationDelegate.multipleStoresDetected:[33m262[0;39m][0;39m - Multiple Spring Data modules found, entering strict repository configuration mode
[2023-06-28 16:52:34:1044] [32m[main][0;39m [34mINFO [0;39m [1;37m[org.springframework.data.repository.config.RepositoryConfigurationDelegate.registerRepositoriesIn:[33m132[0;39m][0;39m - Bootstrapping Spring Data JPA repositories in DEFAULT mode.
[2023-06-28 16:52:34:1086] [32m[main][0;39m [34mINFO [0;39m [1;37m[org.springframework.data.repository.config.RepositoryConfigurationDelegate.registerRepositoriesIn:[33m201[0;39m][0;39m - Finished Spring Data repository scanning in 39 ms. Found 1 JPA repository interfaces.
[2023-06-28 16:52:34:1092] [32m[main][0;39m [34mINFO [0;39m [1;37m[org.springframework.data.repository.config.RepositoryConfigurationDelegate.multipleStoresDetected:[33m262[0;39m][0;39m - Multiple Spring Data modules found, entering strict repository configuration mode
[2023-06-28 16:52:34:1093] [32m[main][0;39m [34mINFO [0;39m [1;37m[org.springframework.data.repository.config.RepositoryConfigurationDelegate.registerRepositoriesIn:[33m132[0;39m][0;39m - Bootstrapping Spring Data Redis repositories in DEFAULT mode.
[2023-06-28 16:52:34:1103] [32m[main][0;39m [34mINFO [0;39m [1;37m[org.springframework.data.repository.config.RepositoryConfigurationExtensionSupport.isStrictRepositoryCandidate:[33m349[0;39m][0;39m - Spring Data Redis - Could not safely identify store assignment for repository candidate interface com.kakaobean.core.member.domain.repository.MemberRepository; If you want this repository to be a Redis repository, consider annotating your entities with one of these annotations: org.springframework.data.redis.core.RedisHash (preferred), or consider extending one of the following types with your repository: org.springframework.data.keyvalue.repository.KeyValueRepository
[2023-06-28 16:52:34:1103] [32m[main][0;39m [34mINFO [0;39m [1;37m[org.springframework.data.repository.config.RepositoryConfigurationDelegate.registerRepositoriesIn:[33m201[0;39m][0;39m - Finished Spring Data repository scanning in 5 ms. Found 0 Redis repository interfaces.
[2023-06-28 16:52:35:1367] [32m[main][0;39m [34mINFO [0;39m [1;37m[org.springframework.boot.web.embedded.tomcat.TomcatWebServer.initialize:[33m108[0;39m][0;39m - Tomcat initialized with port(s): 8080 (http)
[2023-06-28 16:52:35:1371] [32m[main][0;39m [34mINFO [0;39m [1;37m[org.apache.juli.logging.DirectJDKLog.log:[33m173[0;39m][0;39m - Initializing ProtocolHandler ["http-nio-8080"]
[2023-06-28 16:52:35:1371] [32m[main][0;39m [34mINFO [0;39m [1;37m[org.apache.juli.logging.DirectJDKLog.log:[33m173[0;39m][0;39m - Starting service [Tomcat]
[2023-06-28 16:52:35:1371] [32m[main][0;39m [34mINFO [0;39m [1;37m[org.apache.juli.logging.DirectJDKLog.log:[33m173[0;39m][0;39m - Starting Servlet engine: [Apache Tomcat/9.0.71]
[2023-06-28 16:52:35:1420] [32m[main][0;39m [34mINFO [0;39m [1;37m[org.apache.juli.logging.DirectJDKLog.log:[33m173[0;39m][0;39m - Initializing Spring embedded WebApplicationContext
[2023-06-28 16:52:35:1421] [32m[main][0;39m [34mINFO [0;39m [1;37m[org.springframework.boot.web.servlet.context.ServletWebServerApplicationContext.prepareWebApplicationContext:[33m292[0;39m][0;39m - Root WebApplicationContext: initialization completed in 960 ms
[2023-06-28 16:52:35:1558] [32m[main][0;39m [34mINFO [0;39m [1;37m[org.hibernate.jpa.internal.util.LogHelper.logPersistenceUnitInformation:[33m31[0;39m][0;39m - HHH000204: Processing PersistenceUnitInfo [name: default]
[2023-06-28 16:52:35:1582] [32m[main][0;39m [34mINFO [0;39m [1;37m[org.hibernate.Version.logVersion:[33m44[0;39m][0;39m - HHH000412: Hibernate ORM core version 5.6.15.Final
[2023-06-28 16:52:35:1656] [32m[main][0;39m [34mINFO [0;39m [1;37m[org.hibernate.annotations.common.reflection.java.JavaReflectionManager.<clinit>:[33m56[0;39m][0;39m - HCANN000001: Hibernate Commons Annotations {5.1.2.Final}
[2023-06-28 16:52:35:1698] [32m[main][0;39m [34mINFO [0;39m [1;37m[com.zaxxer.hikari.HikariDataSource.getConnection:[33m110[0;39m][0;39m - HikariPool-1 - Starting...
[2023-06-28 16:52:35:1870] [32m[main][0;39m [34mINFO [0;39m [1;37m[com.zaxxer.hikari.HikariDataSource.getConnection:[33m123[0;39m][0;39m - HikariPool-1 - Start completed.
[2023-06-28 16:52:35:1882] [32m[main][0;39m [34mINFO [0;39m [1;37m[org.hibernate.dialect.Dialect.<init>:[33m175[0;39m][0;39m - HHH000400: Using dialect: org.hibernate.dialect.MySQL8Dialect
[2023-06-28 16:52:36:2165] [32m[main][0;39m [34mINFO [0;39m [1;37m[org.hibernate.engine.transaction.jta.platform.internal.JtaPlatformInitiator.initiateService:[33m52[0;39m][0;39m - HHH000490: Using JtaPlatform implementation: [org.hibernate.engine.transaction.jta.platform.internal.NoJtaPlatform]
[2023-06-28 16:52:36:2170] [32m[main][0;39m [34mINFO [0;39m [1;37m[org.springframework.orm.jpa.AbstractEntityManagerFactoryBean.buildNativeEntityManagerFactory:[33m437[0;39m][0;39m - Initialized JPA EntityManagerFactory for persistence unit 'default'
[2023-06-28 16:52:36:2856] [32m[main][0;39m [34mINFO [0;39m [1;37m[org.springframework.security.web.DefaultSecurityFilterChain.<init>:[33m55[0;39m][0;39m - Will secure any request with [org.springframework.security.web.session.DisableEncodeUrlFilter@2620264e, org.springframework.security.web.context.request.async.WebAsyncManagerIntegrationFilter@126ae0ca, org.springframework.security.web.context.SecurityContextPersistenceFilter@3b45a3e6, org.springframework.security.web.header.HeaderWriterFilter@1c0ec502, org.springframework.web.filter.CorsFilter@59e24c62, org.springframework.security.web.authentication.logout.LogoutFilter@20a434a8, org.springframework.security.oauth2.client.web.OAuth2AuthorizationRequestRedirectFilter@393aac93, org.springframework.security.oauth2.client.web.OAuth2LoginAuthenticationFilter@71dac63f, com.kakaobean.security.TokenAuthenticationFilter@79e15c4a, com.kakaobean.security.local.LoginFilter@5379488c, org.springframework.security.web.savedrequest.RequestCacheAwareFilter@283595db, org.springframework.security.web.servletapi.SecurityContextHolderAwareRequestFilter@747476f1, org.springframework.security.web.authentication.AnonymousAuthenticationFilter@744c16fb, org.springframework.security.web.session.SessionManagementFilter@6a450cb5, org.springframework.security.web.access.ExceptionTranslationFilter@31b4c003, org.springframework.security.web.access.intercept.FilterSecurityInterceptor@aeb8ee2]
[2023-06-28 16:52:36:3024] [32m[main][0;39m [34mINFO [0;39m [1;37m[org.apache.juli.logging.DirectJDKLog.log:[33m173[0;39m][0;39m - Starting ProtocolHandler ["http-nio-8080"]
[2023-06-28 16:52:36:3035] [32m[main][0;39m [34mINFO [0;39m [1;37m[org.springframework.boot.web.embedded.tomcat.TomcatWebServer.start:[33m220[0;39m][0;39m - Tomcat started on port(s): 8080 (http) with context path ''
[2023-06-28 16:52:36:3069] [32m[main][0;39m [34mINFO [0;39m [1;37m[org.springframework.boot.web.embedded.tomcat.TomcatWebServer.initialize:[33m108[0;39m][0;39m - Tomcat initialized with port(s): 9292 (http)
[2023-06-28 16:52:36:3070] [32m[main][0;39m [34mINFO [0;39m [1;37m[org.apache.juli.logging.DirectJDKLog.log:[33m173[0;39m][0;39m - Initializing ProtocolHandler ["http-nio-9292"]
[2023-06-28 16:52:36:3070] [32m[main][0;39m [34mINFO [0;39m [1;37m[org.apache.juli.logging.DirectJDKLog.log:[33m173[0;39m][0;39m - Starting service [Tomcat]
[2023-06-28 16:52:36:3070] [32m[main][0;39m [34mINFO [0;39m [1;37m[org.apache.juli.logging.DirectJDKLog.log:[33m173[0;39m][0;39m - Starting Servlet engine: [Apache Tomcat/9.0.71]
[2023-06-28 16:52:36:3078] [32m[main][0;39m [34mINFO [0;39m [1;37m[org.apache.juli.logging.DirectJDKLog.log:[33m173[0;39m][0;39m - Initializing Spring embedded WebApplicationContext
[2023-06-28 16:52:36:3078] [32m[main][0;39m [34mINFO [0;39m [1;37m[org.springframework.boot.web.servlet.context.ServletWebServerApplicationContext.prepareWebApplicationContext:[33m292[0;39m][0;39m - Root WebApplicationContext: initialization completed in 41 ms
[2023-06-28 16:52:36:3084] [32m[main][0;39m [34mINFO [0;39m [1;37m[org.springframework.boot.actuate.endpoint.web.EndpointLinksResolver.<init>:[33m58[0;39m][0;39m - Exposing 14 endpoint(s) beneath base path '/actuator'
[2023-06-28 16:52:36:3101] [32m[main][0;39m [34mINFO [0;39m [1;37m[org.apache.juli.logging.DirectJDKLog.log:[33m173[0;39m][0;39m - Starting ProtocolHandler ["http-nio-9292"]
[2023-06-28 16:52:36:3102] [32m[main][0;39m [34mINFO [0;39m [1;37m[org.springframework.boot.web.embedded.tomcat.TomcatWebServer.start:[33m220[0;39m][0;39m - Tomcat started on port(s): 9292 (http) with context path ''
[2023-06-28 16:52:36:3110] [32m[main][0;39m [34mINFO [0;39m [1;37m[org.springframework.boot.StartupInfoLogger.logStarted:[33m61[0;39m][0;39m - Started KakaoBeanApplication in 2.997 seconds (JVM running for 3.442)
[2023-06-28 16:52:37:3566] [32m[RMI TCP Connection(3)-127.0.0.1][0;39m [34mINFO [0;39m [1;37m[org.apache.juli.logging.DirectJDKLog.log:[33m173[0;39m][0;39m - Initializing Spring DispatcherServlet 'dispatcherServlet'
[2023-06-28 16:52:37:3567] [32m[RMI TCP Connection(3)-127.0.0.1][0;39m [34mINFO [0;39m [1;37m[org.springframework.web.servlet.FrameworkServlet.initServletBean:[33m525[0;39m][0;39m - Initializing Servlet 'dispatcherServlet'
[2023-06-28 16:52:37:3568] [32m[RMI TCP Connection(3)-127.0.0.1][0;39m [34mINFO [0;39m [1;37m[org.springframework.web.servlet.FrameworkServlet.initServletBean:[33m547[0;39m][0;39m - Completed initialization in 1 ms
[2023-06-28 17:22:48:1814821] [32m[SpringApplicationShutdownHook][0;39m [34mINFO [0;39m [1;37m[org.springframework.orm.jpa.AbstractEntityManagerFactoryBean.destroy:[33m651[0;39m][0;39m - Closing JPA EntityManagerFactory for persistence unit 'default'
[2023-06-28 17:22:48:1814826] [32m[SpringApplicationShutdownHook][0;39m [34mINFO [0;39m [1;37m[com.zaxxer.hikari.HikariDataSource.close:[33m350[0;39m][0;39m - HikariPool-1 - Shutdown initiated...
[2023-06-28 17:22:48:1814868] [32m[SpringApplicationShutdownHook][0;39m [34mINFO [0;39m [1;37m[com.zaxxer.hikari.HikariDataSource.close:[33m352[0;39m][0;39m - HikariPool-1 - Shutdown completed.
[2023-06-28 17:33:53:315 ] [32m[background-preinit][0;39m [34mINFO [0;39m [1;37m[org.hibernate.validator.internal.util.Version.<clinit>:[33m21[0;39m][0;39m - HV000001: Hibernate Validator 6.2.5.Final
[2023-06-28 17:33:53:314 ] [32m[main][0;39m [34mINFO [0;39m [1;37m[org.springframework.boot.StartupInfoLogger.logStarting:[33m55[0;39m][0;39m - Starting KakaoBeanApplication using Java 17.0.6 on ansubin-ui-MacBookAir.local with PID 81455 (/Users/ansubin/Desktop/카엔프 학기 중 프로젝트/summer-corporate-practice-backend/api/build/classes/java/main started by ansubin in /Users/ansubin/Desktop/카엔프 학기 중 프로젝트/summer-corporate-practice-backend)
[2023-06-28 17:33:53:316 ] [32m[main][0;39m [34mINFO [0;39m [1;37m[org.springframework.boot.SpringApplication.logStartupProfileInfo:[33m637[0;39m][0;39m - The following 2 profiles are active: "core", "independently-system"
[2023-06-28 17:33:54:1078] [32m[main][0;39m [34mINFO [0;39m [1;37m[org.springframework.data.repository.config.RepositoryConfigurationDelegate.multipleStoresDetected:[33m262[0;39m][0;39m - Multiple Spring Data modules found, entering strict repository configuration mode
[2023-06-28 17:33:54:1079] [32m[main][0;39m [34mINFO [0;39m [1;37m[org.springframework.data.repository.config.RepositoryConfigurationDelegate.registerRepositoriesIn:[33m132[0;39m][0;39m - Bootstrapping Spring Data JPA repositories in DEFAULT mode.
[2023-06-28 17:33:54:1124] [32m[main][0;39m [34mINFO [0;39m [1;37m[org.springframework.data.repository.config.RepositoryConfigurationDelegate.registerRepositoriesIn:[33m201[0;39m][0;39m - Finished Spring Data repository scanning in 42 ms. Found 1 JPA repository interfaces.
[2023-06-28 17:33:54:1130] [32m[main][0;39m [34mINFO [0;39m [1;37m[org.springframework.data.repository.config.RepositoryConfigurationDelegate.multipleStoresDetected:[33m262[0;39m][0;39m - Multiple Spring Data modules found, entering strict repository configuration mode
[2023-06-28 17:33:54:1131] [32m[main][0;39m [34mINFO [0;39m [1;37m[org.springframework.data.repository.config.RepositoryConfigurationDelegate.registerRepositoriesIn:[33m132[0;39m][0;39m - Bootstrapping Spring Data Redis repositories in DEFAULT mode.
[2023-06-28 17:33:54:1143] [32m[main][0;39m [34mINFO [0;39m [1;37m[org.springframework.data.repository.config.RepositoryConfigurationExtensionSupport.isStrictRepositoryCandidate:[33m349[0;39m][0;39m - Spring Data Redis - Could not safely identify store assignment for repository candidate interface com.kakaobean.core.member.domain.repository.MemberRepository; If you want this repository to be a Redis repository, consider annotating your entities with one of these annotations: org.springframework.data.redis.core.RedisHash (preferred), or consider extending one of the following types with your repository: org.springframework.data.keyvalue.repository.KeyValueRepository
[2023-06-28 17:33:54:1144] [32m[main][0;39m [34mINFO [0;39m [1;37m[org.springframework.data.repository.config.RepositoryConfigurationDelegate.registerRepositoriesIn:[33m201[0;39m][0;39m - Finished Spring Data repository scanning in 7 ms. Found 0 Redis repository interfaces.
[2023-06-28 17:33:54:1430] [32m[main][0;39m [34mINFO [0;39m [1;37m[org.springframework.boot.web.embedded.tomcat.TomcatWebServer.initialize:[33m108[0;39m][0;39m - Tomcat initialized with port(s): 8080 (http)
[2023-06-28 17:33:54:1435] [32m[main][0;39m [34mINFO [0;39m [1;37m[org.apache.juli.logging.DirectJDKLog.log:[33m173[0;39m][0;39m - Initializing ProtocolHandler ["http-nio-8080"]
[2023-06-28 17:33:54:1435] [32m[main][0;39m [34mINFO [0;39m [1;37m[org.apache.juli.logging.DirectJDKLog.log:[33m173[0;39m][0;39m - Starting service [Tomcat]
[2023-06-28 17:33:54:1435] [32m[main][0;39m [34mINFO [0;39m [1;37m[org.apache.juli.logging.DirectJDKLog.log:[33m173[0;39m][0;39m - Starting Servlet engine: [Apache Tomcat/9.0.71]
[2023-06-28 17:33:54:1490] [32m[main][0;39m [34mINFO [0;39m [1;37m[org.apache.juli.logging.DirectJDKLog.log:[33m173[0;39m][0;39m - Initializing Spring embedded WebApplicationContext
[2023-06-28 17:33:54:1490] [32m[main][0;39m [34mINFO [0;39m [1;37m[org.springframework.boot.web.servlet.context.ServletWebServerApplicationContext.prepareWebApplicationContext:[33m292[0;39m][0;39m - Root WebApplicationContext: initialization completed in 1144 ms
[2023-06-28 17:33:54:1649] [32m[main][0;39m [34mINFO [0;39m [1;37m[org.hibernate.jpa.internal.util.LogHelper.logPersistenceUnitInformation:[33m31[0;39m][0;39m - HHH000204: Processing PersistenceUnitInfo [name: default]
[2023-06-28 17:33:54:1681] [32m[main][0;39m [34mINFO [0;39m [1;37m[org.hibernate.Version.logVersion:[33m44[0;39m][0;39m - HHH000412: Hibernate ORM core version 5.6.15.Final
[2023-06-28 17:33:54:1756] [32m[main][0;39m [34mINFO [0;39m [1;37m[org.hibernate.annotations.common.reflection.java.JavaReflectionManager.<clinit>:[33m56[0;39m][0;39m - HCANN000001: Hibernate Commons Annotations {5.1.2.Final}
[2023-06-28 17:33:54:1795] [32m[main][0;39m [34mINFO [0;39m [1;37m[com.zaxxer.hikari.HikariDataSource.getConnection:[33m110[0;39m][0;39m - HikariPool-1 - Starting...
[2023-06-28 17:33:54:1960] [32m[main][0;39m [34mINFO [0;39m [1;37m[com.zaxxer.hikari.HikariDataSource.getConnection:[33m123[0;39m][0;39m - HikariPool-1 - Start completed.
[2023-06-28 17:33:54:1971] [32m[main][0;39m [34mINFO [0;39m [1;37m[org.hibernate.dialect.Dialect.<init>:[33m175[0;39m][0;39m - HHH000400: Using dialect: org.hibernate.dialect.MySQL8Dialect
[2023-06-28 17:33:55:2307] [32m[main][0;39m [34mINFO [0;39m [1;37m[org.hibernate.engine.transaction.jta.platform.internal.JtaPlatformInitiator.initiateService:[33m52[0;39m][0;39m - HHH000490: Using JtaPlatform implementation: [org.hibernate.engine.transaction.jta.platform.internal.NoJtaPlatform]
[2023-06-28 17:33:55:2311] [32m[main][0;39m [34mINFO [0;39m [1;37m[org.springframework.orm.jpa.AbstractEntityManagerFactoryBean.buildNativeEntityManagerFactory:[33m437[0;39m][0;39m - Initialized JPA EntityManagerFactory for persistence unit 'default'
[2023-06-28 17:33:55:2466] [32m[main][0;39m [34mINFO [0;39m [1;37m[org.apache.juli.logging.DirectJDKLog.log:[33m173[0;39m][0;39m - Stopping service [Tomcat]
[2023-06-28 17:33:55:2468] [32m[main][0;39m [34mINFO [0;39m [1;37m[org.springframework.orm.jpa.AbstractEntityManagerFactoryBean.destroy:[33m651[0;39m][0;39m - Closing JPA EntityManagerFactory for persistence unit 'default'
[2023-06-28 17:33:55:2470] [32m[main][0;39m [34mINFO [0;39m [1;37m[com.zaxxer.hikari.HikariDataSource.close:[33m350[0;39m][0;39m - HikariPool-1 - Shutdown initiated...
[2023-06-28 17:33:55:2493] [32m[main][0;39m [34mINFO [0;39m [1;37m[com.zaxxer.hikari.HikariDataSource.close:[33m352[0;39m][0;39m - HikariPool-1 - Shutdown completed.
[2023-06-28 17:33:55:2502] [32m[main][0;39m [34mINFO [0;39m [1;37m[org.springframework.boot.autoconfigure.logging.ConditionEvaluationReportLoggingListener.logMessage:[33m136[0;39m][0;39m - 

Error starting ApplicationContext. To display the conditions report re-run your application with 'debug' enabled.
[2023-06-28 17:34:22:548 ] [32m[background-preinit][0;39m [34mINFO [0;39m [1;37m[org.hibernate.validator.internal.util.Version.<clinit>:[33m21[0;39m][0;39m - HV000001: Hibernate Validator 6.2.5.Final
[2023-06-28 17:34:22:567 ] [32m[main][0;39m [34mINFO [0;39m [1;37m[org.springframework.boot.StartupInfoLogger.logStarting:[33m55[0;39m][0;39m - Starting KakaoBeanApplication using Java 17.0.6 on ansubin-ui-MacBookAir.local with PID 81502 (/Users/ansubin/Desktop/카엔프 학기 중 프로젝트/summer-corporate-practice-backend/api/build/classes/java/main started by ansubin in /Users/ansubin/Desktop/카엔프 학기 중 프로젝트/summer-corporate-practice-backend)
[2023-06-28 17:34:22:568 ] [32m[main][0;39m [34mINFO [0;39m [1;37m[org.springframework.boot.SpringApplication.logStartupProfileInfo:[33m637[0;39m][0;39m - The following 2 profiles are active: "core", "independently-system"
[2023-06-28 17:34:23:1213] [32m[main][0;39m [34mINFO [0;39m [1;37m[org.springframework.data.repository.config.RepositoryConfigurationDelegate.multipleStoresDetected:[33m262[0;39m][0;39m - Multiple Spring Data modules found, entering strict repository configuration mode
[2023-06-28 17:34:23:1213] [32m[main][0;39m [34mINFO [0;39m [1;37m[org.springframework.data.repository.config.RepositoryConfigurationDelegate.registerRepositoriesIn:[33m132[0;39m][0;39m - Bootstrapping Spring Data JPA repositories in DEFAULT mode.
[2023-06-28 17:34:23:1256] [32m[main][0;39m [34mINFO [0;39m [1;37m[org.springframework.data.repository.config.RepositoryConfigurationDelegate.registerRepositoriesIn:[33m201[0;39m][0;39m - Finished Spring Data repository scanning in 39 ms. Found 1 JPA repository interfaces.
[2023-06-28 17:34:23:1261] [32m[main][0;39m [34mINFO [0;39m [1;37m[org.springframework.data.repository.config.RepositoryConfigurationDelegate.multipleStoresDetected:[33m262[0;39m][0;39m - Multiple Spring Data modules found, entering strict repository configuration mode
[2023-06-28 17:34:23:1262] [32m[main][0;39m [34mINFO [0;39m [1;37m[org.springframework.data.repository.config.RepositoryConfigurationDelegate.registerRepositoriesIn:[33m132[0;39m][0;39m - Bootstrapping Spring Data Redis repositories in DEFAULT mode.
[2023-06-28 17:34:23:1271] [32m[main][0;39m [34mINFO [0;39m [1;37m[org.springframework.data.repository.config.RepositoryConfigurationExtensionSupport.isStrictRepositoryCandidate:[33m349[0;39m][0;39m - Spring Data Redis - Could not safely identify store assignment for repository candidate interface com.kakaobean.core.member.domain.repository.MemberRepository; If you want this repository to be a Redis repository, consider annotating your entities with one of these annotations: org.springframework.data.redis.core.RedisHash (preferred), or consider extending one of the following types with your repository: org.springframework.data.keyvalue.repository.KeyValueRepository
[2023-06-28 17:34:23:1271] [32m[main][0;39m [34mINFO [0;39m [1;37m[org.springframework.data.repository.config.RepositoryConfigurationDelegate.registerRepositoriesIn:[33m201[0;39m][0;39m - Finished Spring Data repository scanning in 5 ms. Found 0 Redis repository interfaces.
[2023-06-28 17:34:23:1545] [32m[main][0;39m [34mINFO [0;39m [1;37m[org.springframework.boot.web.embedded.tomcat.TomcatWebServer.initialize:[33m108[0;39m][0;39m - Tomcat initialized with port(s): 8080 (http)
[2023-06-28 17:34:23:1549] [32m[main][0;39m [34mINFO [0;39m [1;37m[org.apache.juli.logging.DirectJDKLog.log:[33m173[0;39m][0;39m - Initializing ProtocolHandler ["http-nio-8080"]
[2023-06-28 17:34:23:1549] [32m[main][0;39m [34mINFO [0;39m [1;37m[org.apache.juli.logging.DirectJDKLog.log:[33m173[0;39m][0;39m - Starting service [Tomcat]
[2023-06-28 17:34:23:1549] [32m[main][0;39m [34mINFO [0;39m [1;37m[org.apache.juli.logging.DirectJDKLog.log:[33m173[0;39m][0;39m - Starting Servlet engine: [Apache Tomcat/9.0.71]
[2023-06-28 17:34:24:1596] [32m[main][0;39m [34mINFO [0;39m [1;37m[org.apache.juli.logging.DirectJDKLog.log:[33m173[0;39m][0;39m - Initializing Spring embedded WebApplicationContext
[2023-06-28 17:34:24:1596] [32m[main][0;39m [34mINFO [0;39m [1;37m[org.springframework.boot.web.servlet.context.ServletWebServerApplicationContext.prepareWebApplicationContext:[33m292[0;39m][0;39m - Root WebApplicationContext: initialization completed in 953 ms
[2023-06-28 17:34:24:1738] [32m[main][0;39m [34mINFO [0;39m [1;37m[org.hibernate.jpa.internal.util.LogHelper.logPersistenceUnitInformation:[33m31[0;39m][0;39m - HHH000204: Processing PersistenceUnitInfo [name: default]
[2023-06-28 17:34:24:1764] [32m[main][0;39m [34mINFO [0;39m [1;37m[org.hibernate.Version.logVersion:[33m44[0;39m][0;39m - HHH000412: Hibernate ORM core version 5.6.15.Final
[2023-06-28 17:34:24:1838] [32m[main][0;39m [34mINFO [0;39m [1;37m[org.hibernate.annotations.common.reflection.java.JavaReflectionManager.<clinit>:[33m56[0;39m][0;39m - HCANN000001: Hibernate Commons Annotations {5.1.2.Final}
[2023-06-28 17:34:24:1880] [32m[main][0;39m [34mINFO [0;39m [1;37m[com.zaxxer.hikari.HikariDataSource.getConnection:[33m110[0;39m][0;39m - HikariPool-1 - Starting...
[2023-06-28 17:34:24:2052] [32m[main][0;39m [34mINFO [0;39m [1;37m[com.zaxxer.hikari.HikariDataSource.getConnection:[33m123[0;39m][0;39m - HikariPool-1 - Start completed.
[2023-06-28 17:34:24:2062] [32m[main][0;39m [34mINFO [0;39m [1;37m[org.hibernate.dialect.Dialect.<init>:[33m175[0;39m][0;39m - HHH000400: Using dialect: org.hibernate.dialect.MySQL8Dialect
[2023-06-28 17:34:24:2413] [32m[main][0;39m [34mINFO [0;39m [1;37m[org.hibernate.engine.transaction.jta.platform.internal.JtaPlatformInitiator.initiateService:[33m52[0;39m][0;39m - HHH000490: Using JtaPlatform implementation: [org.hibernate.engine.transaction.jta.platform.internal.NoJtaPlatform]
[2023-06-28 17:34:24:2418] [32m[main][0;39m [34mINFO [0;39m [1;37m[org.springframework.orm.jpa.AbstractEntityManagerFactoryBean.buildNativeEntityManagerFactory:[33m437[0;39m][0;39m - Initialized JPA EntityManagerFactory for persistence unit 'default'
[2023-06-28 17:34:24:2559] [32m[main][0;39m [34mINFO [0;39m [1;37m[org.apache.juli.logging.DirectJDKLog.log:[33m173[0;39m][0;39m - Stopping service [Tomcat]
[2023-06-28 17:34:24:2561] [32m[main][0;39m [34mINFO [0;39m [1;37m[org.springframework.orm.jpa.AbstractEntityManagerFactoryBean.destroy:[33m651[0;39m][0;39m - Closing JPA EntityManagerFactory for persistence unit 'default'
[2023-06-28 17:34:24:2563] [32m[main][0;39m [34mINFO [0;39m [1;37m[com.zaxxer.hikari.HikariDataSource.close:[33m350[0;39m][0;39m - HikariPool-1 - Shutdown initiated...
[2023-06-28 17:34:25:2574] [32m[main][0;39m [34mINFO [0;39m [1;37m[com.zaxxer.hikari.HikariDataSource.close:[33m352[0;39m][0;39m - HikariPool-1 - Shutdown completed.
[2023-06-28 17:34:25:2582] [32m[main][0;39m [34mINFO [0;39m [1;37m[org.springframework.boot.autoconfigure.logging.ConditionEvaluationReportLoggingListener.logMessage:[33m136[0;39m][0;39m - 

Error starting ApplicationContext. To display the conditions report re-run your application with 'debug' enabled.
[2023-06-28 17:34:46:538 ] [32m[main][0;39m [34mINFO [0;39m [1;37m[org.springframework.boot.StartupInfoLogger.logStarting:[33m55[0;39m][0;39m - Starting KakaoBeanApplication using Java 17.0.6 on ansubin-ui-MacBookAir.local with PID 81542 (/Users/ansubin/Desktop/카엔프 학기 중 프로젝트/summer-corporate-practice-backend/api/build/classes/java/main started by ansubin in /Users/ansubin/Desktop/카엔프 학기 중 프로젝트/summer-corporate-practice-backend)
[2023-06-28 17:34:46:542 ] [32m[main][0;39m [34mINFO [0;39m [1;37m[org.springframework.boot.SpringApplication.logStartupProfileInfo:[33m637[0;39m][0;39m - The following 2 profiles are active: "core", "independently-system"
[2023-06-28 17:34:46:553 ] [32m[background-preinit][0;39m [34mINFO [0;39m [1;37m[org.hibernate.validator.internal.util.Version.<clinit>:[33m21[0;39m][0;39m - HV000001: Hibernate Validator 6.2.5.Final
[2023-06-28 17:34:47:1383] [32m[main][0;39m [34mINFO [0;39m [1;37m[org.springframework.data.repository.config.RepositoryConfigurationDelegate.multipleStoresDetected:[33m262[0;39m][0;39m - Multiple Spring Data modules found, entering strict repository configuration mode
[2023-06-28 17:34:47:1383] [32m[main][0;39m [34mINFO [0;39m [1;37m[org.springframework.data.repository.config.RepositoryConfigurationDelegate.registerRepositoriesIn:[33m132[0;39m][0;39m - Bootstrapping Spring Data JPA repositories in DEFAULT mode.
[2023-06-28 17:34:47:1441] [32m[main][0;39m [34mINFO [0;39m [1;37m[org.springframework.data.repository.config.RepositoryConfigurationDelegate.registerRepositoriesIn:[33m201[0;39m][0;39m - Finished Spring Data repository scanning in 54 ms. Found 1 JPA repository interfaces.
[2023-06-28 17:34:47:1455] [32m[main][0;39m [34mINFO [0;39m [1;37m[org.springframework.data.repository.config.RepositoryConfigurationDelegate.multipleStoresDetected:[33m262[0;39m][0;39m - Multiple Spring Data modules found, entering strict repository configuration mode
[2023-06-28 17:34:47:1457] [32m[main][0;39m [34mINFO [0;39m [1;37m[org.springframework.data.repository.config.RepositoryConfigurationDelegate.registerRepositoriesIn:[33m132[0;39m][0;39m - Bootstrapping Spring Data Redis repositories in DEFAULT mode.
[2023-06-28 17:34:47:1471] [32m[main][0;39m [34mINFO [0;39m [1;37m[org.springframework.data.repository.config.RepositoryConfigurationExtensionSupport.isStrictRepositoryCandidate:[33m349[0;39m][0;39m - Spring Data Redis - Could not safely identify store assignment for repository candidate interface com.kakaobean.core.member.domain.repository.MemberRepository; If you want this repository to be a Redis repository, consider annotating your entities with one of these annotations: org.springframework.data.redis.core.RedisHash (preferred), or consider extending one of the following types with your repository: org.springframework.data.keyvalue.repository.KeyValueRepository
[2023-06-28 17:34:47:1471] [32m[main][0;39m [34mINFO [0;39m [1;37m[org.springframework.data.repository.config.RepositoryConfigurationDelegate.registerRepositoriesIn:[33m201[0;39m][0;39m - Finished Spring Data repository scanning in 8 ms. Found 0 Redis repository interfaces.
[2023-06-28 17:34:47:1832] [32m[main][0;39m [34mINFO [0;39m [1;37m[org.springframework.boot.web.embedded.tomcat.TomcatWebServer.initialize:[33m108[0;39m][0;39m - Tomcat initialized with port(s): 8080 (http)
[2023-06-28 17:34:47:1837] [32m[main][0;39m [34mINFO [0;39m [1;37m[org.apache.juli.logging.DirectJDKLog.log:[33m173[0;39m][0;39m - Initializing ProtocolHandler ["http-nio-8080"]
[2023-06-28 17:34:47:1837] [32m[main][0;39m [34mINFO [0;39m [1;37m[org.apache.juli.logging.DirectJDKLog.log:[33m173[0;39m][0;39m - Starting service [Tomcat]
[2023-06-28 17:34:47:1837] [32m[main][0;39m [34mINFO [0;39m [1;37m[org.apache.juli.logging.DirectJDKLog.log:[33m173[0;39m][0;39m - Starting Servlet engine: [Apache Tomcat/9.0.71]
[2023-06-28 17:34:47:1883] [32m[main][0;39m [34mINFO [0;39m [1;37m[org.apache.juli.logging.DirectJDKLog.log:[33m173[0;39m][0;39m - Initializing Spring embedded WebApplicationContext
[2023-06-28 17:34:47:1883] [32m[main][0;39m [34mINFO [0;39m [1;37m[org.springframework.boot.web.servlet.context.ServletWebServerApplicationContext.prepareWebApplicationContext:[33m292[0;39m][0;39m - Root WebApplicationContext: initialization completed in 1276 ms
[2023-06-28 17:34:48:2032] [32m[main][0;39m [34mINFO [0;39m [1;37m[org.hibernate.jpa.internal.util.LogHelper.logPersistenceUnitInformation:[33m31[0;39m][0;39m - HHH000204: Processing PersistenceUnitInfo [name: default]
[2023-06-28 17:34:48:2059] [32m[main][0;39m [34mINFO [0;39m [1;37m[org.hibernate.Version.logVersion:[33m44[0;39m][0;39m - HHH000412: Hibernate ORM core version 5.6.15.Final
[2023-06-28 17:34:48:2135] [32m[main][0;39m [34mINFO [0;39m [1;37m[org.hibernate.annotations.common.reflection.java.JavaReflectionManager.<clinit>:[33m56[0;39m][0;39m - HCANN000001: Hibernate Commons Annotations {5.1.2.Final}
[2023-06-28 17:34:48:2175] [32m[main][0;39m [34mINFO [0;39m [1;37m[com.zaxxer.hikari.HikariDataSource.getConnection:[33m110[0;39m][0;39m - HikariPool-1 - Starting...
[2023-06-28 17:34:48:2341] [32m[main][0;39m [34mINFO [0;39m [1;37m[com.zaxxer.hikari.HikariDataSource.getConnection:[33m123[0;39m][0;39m - HikariPool-1 - Start completed.
[2023-06-28 17:34:48:2351] [32m[main][0;39m [34mINFO [0;39m [1;37m[org.hibernate.dialect.Dialect.<init>:[33m175[0;39m][0;39m - HHH000400: Using dialect: org.hibernate.dialect.MySQL8Dialect
[2023-06-28 17:34:48:2652] [32m[main][0;39m [34mINFO [0;39m [1;37m[org.hibernate.engine.transaction.jta.platform.internal.JtaPlatformInitiator.initiateService:[33m52[0;39m][0;39m - HHH000490: Using JtaPlatform implementation: [org.hibernate.engine.transaction.jta.platform.internal.NoJtaPlatform]
[2023-06-28 17:34:48:2656] [32m[main][0;39m [34mINFO [0;39m [1;37m[org.springframework.orm.jpa.AbstractEntityManagerFactoryBean.buildNativeEntityManagerFactory:[33m437[0;39m][0;39m - Initialized JPA EntityManagerFactory for persistence unit 'default'
[2023-06-28 17:34:48:2769] [32m[main][0;39m [34mINFO [0;39m [1;37m[org.apache.juli.logging.DirectJDKLog.log:[33m173[0;39m][0;39m - Stopping service [Tomcat]
[2023-06-28 17:34:48:2772] [32m[main][0;39m [34mINFO [0;39m [1;37m[org.springframework.orm.jpa.AbstractEntityManagerFactoryBean.destroy:[33m651[0;39m][0;39m - Closing JPA EntityManagerFactory for persistence unit 'default'
[2023-06-28 17:34:48:2773] [32m[main][0;39m [34mINFO [0;39m [1;37m[com.zaxxer.hikari.HikariDataSource.close:[33m350[0;39m][0;39m - HikariPool-1 - Shutdown initiated...
[2023-06-28 17:34:48:2788] [32m[main][0;39m [34mINFO [0;39m [1;37m[com.zaxxer.hikari.HikariDataSource.close:[33m352[0;39m][0;39m - HikariPool-1 - Shutdown completed.
[2023-06-28 17:34:48:2796] [32m[main][0;39m [34mINFO [0;39m [1;37m[org.springframework.boot.autoconfigure.logging.ConditionEvaluationReportLoggingListener.logMessage:[33m136[0;39m][0;39m - 

Error starting ApplicationContext. To display the conditions report re-run your application with 'debug' enabled.
[2023-06-28 17:35:22:445 ] [32m[main][0;39m [34mINFO [0;39m [1;37m[org.springframework.boot.StartupInfoLogger.logStarting:[33m55[0;39m][0;39m - Starting KakaoBeanApplication using Java 17.0.6 on ansubin-ui-MacBookAir.local with PID 81643 (/Users/ansubin/Desktop/카엔프 학기 중 프로젝트/summer-corporate-practice-backend/api/build/classes/java/main started by ansubin in /Users/ansubin/Desktop/카엔프 학기 중 프로젝트/summer-corporate-practice-backend)
[2023-06-28 17:35:22:447 ] [32m[background-preinit][0;39m [34mINFO [0;39m [1;37m[org.hibernate.validator.internal.util.Version.<clinit>:[33m21[0;39m][0;39m - HV000001: Hibernate Validator 6.2.5.Final
[2023-06-28 17:35:22:447 ] [32m[main][0;39m [34mINFO [0;39m [1;37m[org.springframework.boot.SpringApplication.logStartupProfileInfo:[33m637[0;39m][0;39m - The following 2 profiles are active: "core", "independently-system"
[2023-06-28 17:35:23:1140] [32m[main][0;39m [34mINFO [0;39m [1;37m[org.springframework.data.repository.config.RepositoryConfigurationDelegate.multipleStoresDetected:[33m262[0;39m][0;39m - Multiple Spring Data modules found, entering strict repository configuration mode
[2023-06-28 17:35:23:1140] [32m[main][0;39m [34mINFO [0;39m [1;37m[org.springframework.data.repository.config.RepositoryConfigurationDelegate.registerRepositoriesIn:[33m132[0;39m][0;39m - Bootstrapping Spring Data JPA repositories in DEFAULT mode.
[2023-06-28 17:35:23:1188] [32m[main][0;39m [34mINFO [0;39m [1;37m[org.springframework.data.repository.config.RepositoryConfigurationDelegate.registerRepositoriesIn:[33m201[0;39m][0;39m - Finished Spring Data repository scanning in 44 ms. Found 1 JPA repository interfaces.
[2023-06-28 17:35:23:1193] [32m[main][0;39m [34mINFO [0;39m [1;37m[org.springframework.data.repository.config.RepositoryConfigurationDelegate.multipleStoresDetected:[33m262[0;39m][0;39m - Multiple Spring Data modules found, entering strict repository configuration mode
[2023-06-28 17:35:23:1194] [32m[main][0;39m [34mINFO [0;39m [1;37m[org.springframework.data.repository.config.RepositoryConfigurationDelegate.registerRepositoriesIn:[33m132[0;39m][0;39m - Bootstrapping Spring Data Redis repositories in DEFAULT mode.
[2023-06-28 17:35:23:1206] [32m[main][0;39m [34mINFO [0;39m [1;37m[org.springframework.data.repository.config.RepositoryConfigurationExtensionSupport.isStrictRepositoryCandidate:[33m349[0;39m][0;39m - Spring Data Redis - Could not safely identify store assignment for repository candidate interface com.kakaobean.core.member.domain.repository.MemberRepository; If you want this repository to be a Redis repository, consider annotating your entities with one of these annotations: org.springframework.data.redis.core.RedisHash (preferred), or consider extending one of the following types with your repository: org.springframework.data.keyvalue.repository.KeyValueRepository
[2023-06-28 17:35:23:1206] [32m[main][0;39m [34mINFO [0;39m [1;37m[org.springframework.data.repository.config.RepositoryConfigurationDelegate.registerRepositoriesIn:[33m201[0;39m][0;39m - Finished Spring Data repository scanning in 6 ms. Found 0 Redis repository interfaces.
[2023-06-28 17:35:24:1497] [32m[main][0;39m [34mINFO [0;39m [1;37m[org.springframework.boot.web.embedded.tomcat.TomcatWebServer.initialize:[33m108[0;39m][0;39m - Tomcat initialized with port(s): 8080 (http)
[2023-06-28 17:35:24:1501] [32m[main][0;39m [34mINFO [0;39m [1;37m[org.apache.juli.logging.DirectJDKLog.log:[33m173[0;39m][0;39m - Initializing ProtocolHandler ["http-nio-8080"]
[2023-06-28 17:35:24:1502] [32m[main][0;39m [34mINFO [0;39m [1;37m[org.apache.juli.logging.DirectJDKLog.log:[33m173[0;39m][0;39m - Starting service [Tomcat]
[2023-06-28 17:35:24:1502] [32m[main][0;39m [34mINFO [0;39m [1;37m[org.apache.juli.logging.DirectJDKLog.log:[33m173[0;39m][0;39m - Starting Servlet engine: [Apache Tomcat/9.0.71]
[2023-06-28 17:35:24:1554] [32m[main][0;39m [34mINFO [0;39m [1;37m[org.apache.juli.logging.DirectJDKLog.log:[33m173[0;39m][0;39m - Initializing Spring embedded WebApplicationContext
[2023-06-28 17:35:24:1554] [32m[main][0;39m [34mINFO [0;39m [1;37m[org.springframework.boot.web.servlet.context.ServletWebServerApplicationContext.prepareWebApplicationContext:[33m292[0;39m][0;39m - Root WebApplicationContext: initialization completed in 1072 ms
[2023-06-28 17:35:24:1709] [32m[main][0;39m [34mINFO [0;39m [1;37m[org.hibernate.jpa.internal.util.LogHelper.logPersistenceUnitInformation:[33m31[0;39m][0;39m - HHH000204: Processing PersistenceUnitInfo [name: default]
[2023-06-28 17:35:24:1739] [32m[main][0;39m [34mINFO [0;39m [1;37m[org.hibernate.Version.logVersion:[33m44[0;39m][0;39m - HHH000412: Hibernate ORM core version 5.6.15.Final
[2023-06-28 17:35:24:1804] [32m[main][0;39m [34mINFO [0;39m [1;37m[org.hibernate.annotations.common.reflection.java.JavaReflectionManager.<clinit>:[33m56[0;39m][0;39m - HCANN000001: Hibernate Commons Annotations {5.1.2.Final}
[2023-06-28 17:35:24:1844] [32m[main][0;39m [34mINFO [0;39m [1;37m[com.zaxxer.hikari.HikariDataSource.getConnection:[33m110[0;39m][0;39m - HikariPool-1 - Starting...
[2023-06-28 17:35:24:2004] [32m[main][0;39m [34mINFO [0;39m [1;37m[com.zaxxer.hikari.HikariDataSource.getConnection:[33m123[0;39m][0;39m - HikariPool-1 - Start completed.
[2023-06-28 17:35:24:2014] [32m[main][0;39m [34mINFO [0;39m [1;37m[org.hibernate.dialect.Dialect.<init>:[33m175[0;39m][0;39m - HHH000400: Using dialect: org.hibernate.dialect.MySQL8Dialect
[2023-06-28 17:35:24:2325] [32m[main][0;39m [34mINFO [0;39m [1;37m[org.hibernate.engine.transaction.jta.platform.internal.JtaPlatformInitiator.initiateService:[33m52[0;39m][0;39m - HHH000490: Using JtaPlatform implementation: [org.hibernate.engine.transaction.jta.platform.internal.NoJtaPlatform]
[2023-06-28 17:35:24:2329] [32m[main][0;39m [34mINFO [0;39m [1;37m[org.springframework.orm.jpa.AbstractEntityManagerFactoryBean.buildNativeEntityManagerFactory:[33m437[0;39m][0;39m - Initialized JPA EntityManagerFactory for persistence unit 'default'
[2023-06-28 17:35:25:3017] [32m[main][0;39m [34mINFO [0;39m [1;37m[org.springframework.security.web.DefaultSecurityFilterChain.<init>:[33m55[0;39m][0;39m - Will secure any request with [org.springframework.security.web.session.DisableEncodeUrlFilter@318155b1, org.springframework.security.web.context.request.async.WebAsyncManagerIntegrationFilter@31d64d0f, org.springframework.security.web.context.SecurityContextPersistenceFilter@3993cecb, org.springframework.security.web.header.HeaderWriterFilter@56c26b21, org.springframework.web.filter.CorsFilter@6c165921, org.springframework.security.web.authentication.logout.LogoutFilter@5d7f4cbb, org.springframework.security.oauth2.client.web.OAuth2AuthorizationRequestRedirectFilter@653fbbfc, org.springframework.security.oauth2.client.web.OAuth2LoginAuthenticationFilter@7e6025c9, com.kakaobean.security.TokenAuthenticationFilter@1e75bef1, com.kakaobean.security.local.LoginFilter@47fb30ca, org.springframework.security.web.savedrequest.RequestCacheAwareFilter@731bdcca, org.springframework.security.web.servletapi.SecurityContextHolderAwareRequestFilter@76fdd5f1, org.springframework.security.web.authentication.AnonymousAuthenticationFilter@7cecd959, org.springframework.security.web.session.SessionManagementFilter@77a14911, org.springframework.security.web.access.ExceptionTranslationFilter@6ff05f85, org.springframework.security.web.access.intercept.FilterSecurityInterceptor@16c6d5a2]
[2023-06-28 17:35:25:3183] [32m[main][0;39m [34mINFO [0;39m [1;37m[org.apache.juli.logging.DirectJDKLog.log:[33m173[0;39m][0;39m - Starting ProtocolHandler ["http-nio-8080"]
[2023-06-28 17:35:25:3194] [32m[main][0;39m [34mINFO [0;39m [1;37m[org.springframework.boot.web.embedded.tomcat.TomcatWebServer.start:[33m220[0;39m][0;39m - Tomcat started on port(s): 8080 (http) with context path ''
[2023-06-28 17:35:25:3224] [32m[main][0;39m [34mINFO [0;39m [1;37m[org.springframework.boot.web.embedded.tomcat.TomcatWebServer.initialize:[33m108[0;39m][0;39m - Tomcat initialized with port(s): 9292 (http)
[2023-06-28 17:35:25:3224] [32m[main][0;39m [34mINFO [0;39m [1;37m[org.apache.juli.logging.DirectJDKLog.log:[33m173[0;39m][0;39m - Initializing ProtocolHandler ["http-nio-9292"]
[2023-06-28 17:35:25:3224] [32m[main][0;39m [34mINFO [0;39m [1;37m[org.apache.juli.logging.DirectJDKLog.log:[33m173[0;39m][0;39m - Starting service [Tomcat]
[2023-06-28 17:35:25:3224] [32m[main][0;39m [34mINFO [0;39m [1;37m[org.apache.juli.logging.DirectJDKLog.log:[33m173[0;39m][0;39m - Starting Servlet engine: [Apache Tomcat/9.0.71]
[2023-06-28 17:35:25:3236] [32m[main][0;39m [34mINFO [0;39m [1;37m[org.apache.juli.logging.DirectJDKLog.log:[33m173[0;39m][0;39m - Initializing Spring embedded WebApplicationContext
[2023-06-28 17:35:25:3236] [32m[main][0;39m [34mINFO [0;39m [1;37m[org.springframework.boot.web.servlet.context.ServletWebServerApplicationContext.prepareWebApplicationContext:[33m292[0;39m][0;39m - Root WebApplicationContext: initialization completed in 40 ms
[2023-06-28 17:35:25:3241] [32m[main][0;39m [34mINFO [0;39m [1;37m[org.springframework.boot.actuate.endpoint.web.EndpointLinksResolver.<init>:[33m58[0;39m][0;39m - Exposing 14 endpoint(s) beneath base path '/actuator'
[2023-06-28 17:35:25:3264] [32m[main][0;39m [34mINFO [0;39m [1;37m[org.apache.juli.logging.DirectJDKLog.log:[33m173[0;39m][0;39m - Starting ProtocolHandler ["http-nio-9292"]
[2023-06-28 17:35:25:3265] [32m[main][0;39m [34mINFO [0;39m [1;37m[org.springframework.boot.web.embedded.tomcat.TomcatWebServer.start:[33m220[0;39m][0;39m - Tomcat started on port(s): 9292 (http) with context path ''
[2023-06-28 17:35:25:3275] [32m[main][0;39m [34mINFO [0;39m [1;37m[org.springframework.boot.StartupInfoLogger.logStarted:[33m61[0;39m][0;39m - Started KakaoBeanApplication in 3.202 seconds (JVM running for 3.46)
[2023-06-28 17:35:25:3441] [32m[RMI TCP Connection(2)-127.0.0.1][0;39m [34mINFO [0;39m [1;37m[org.apache.juli.logging.DirectJDKLog.log:[33m173[0;39m][0;39m - Initializing Spring DispatcherServlet 'dispatcherServlet'
[2023-06-28 17:35:25:3442] [32m[RMI TCP Connection(2)-127.0.0.1][0;39m [34mINFO [0;39m [1;37m[org.springframework.web.servlet.FrameworkServlet.initServletBean:[33m525[0;39m][0;39m - Initializing Servlet 'dispatcherServlet'
[2023-06-28 17:35:25:3443] [32m[RMI TCP Connection(2)-127.0.0.1][0;39m [34mINFO [0;39m [1;37m[org.springframework.web.servlet.FrameworkServlet.initServletBean:[33m547[0;39m][0;39m - Completed initialization in 1 ms
[2023-06-28 17:35:30:7679] [32m[SpringApplicationShutdownHook][0;39m [34mINFO [0;39m [1;37m[org.springframework.orm.jpa.AbstractEntityManagerFactoryBean.destroy:[33m651[0;39m][0;39m - Closing JPA EntityManagerFactory for persistence unit 'default'
[2023-06-28 17:35:30:7681] [32m[SpringApplicationShutdownHook][0;39m [34mINFO [0;39m [1;37m[com.zaxxer.hikari.HikariDataSource.close:[33m350[0;39m][0;39m - HikariPool-1 - Shutdown initiated...
[2023-06-28 17:35:30:7698] [32m[SpringApplicationShutdownHook][0;39m [34mINFO [0;39m [1;37m[com.zaxxer.hikari.HikariDataSource.close:[33m352[0;39m][0;39m - HikariPool-1 - Shutdown completed.
[2023-06-28 17:36:48:303 ] [32m[background-preinit][0;39m [34mINFO [0;39m [1;37m[org.hibernate.validator.internal.util.Version.<clinit>:[33m21[0;39m][0;39m - HV000001: Hibernate Validator 6.2.5.Final
[2023-06-28 17:36:48:302 ] [32m[main][0;39m [34mINFO [0;39m [1;37m[org.springframework.boot.StartupInfoLogger.logStarting:[33m55[0;39m][0;39m - Starting KakaoBeanApplication using Java 17.0.6 on ansubin-ui-MacBookAir.local with PID 81779 (/Users/ansubin/Desktop/카엔프 학기 중 프로젝트/summer-corporate-practice-backend/api/build/classes/java/main started by ansubin in /Users/ansubin/Desktop/카엔프 학기 중 프로젝트/summer-corporate-practice-backend)
[2023-06-28 17:36:48:304 ] [32m[main][0;39m [34mINFO [0;39m [1;37m[org.springframework.boot.SpringApplication.logStartupProfileInfo:[33m637[0;39m][0;39m - The following 2 profiles are active: "core", "independently-system"
[2023-06-28 17:36:48:915 ] [32m[main][0;39m [34mINFO [0;39m [1;37m[org.springframework.data.repository.config.RepositoryConfigurationDelegate.multipleStoresDetected:[33m262[0;39m][0;39m - Multiple Spring Data modules found, entering strict repository configuration mode
[2023-06-28 17:36:48:915 ] [32m[main][0;39m [34mINFO [0;39m [1;37m[org.springframework.data.repository.config.RepositoryConfigurationDelegate.registerRepositoriesIn:[33m132[0;39m][0;39m - Bootstrapping Spring Data JPA repositories in DEFAULT mode.
[2023-06-28 17:36:48:958 ] [32m[main][0;39m [34mINFO [0;39m [1;37m[org.springframework.data.repository.config.RepositoryConfigurationDelegate.registerRepositoriesIn:[33m201[0;39m][0;39m - Finished Spring Data repository scanning in 40 ms. Found 1 JPA repository interfaces.
[2023-06-28 17:36:48:964 ] [32m[main][0;39m [34mINFO [0;39m [1;37m[org.springframework.data.repository.config.RepositoryConfigurationDelegate.multipleStoresDetected:[33m262[0;39m][0;39m - Multiple Spring Data modules found, entering strict repository configuration mode
[2023-06-28 17:36:48:964 ] [32m[main][0;39m [34mINFO [0;39m [1;37m[org.springframework.data.repository.config.RepositoryConfigurationDelegate.registerRepositoriesIn:[33m132[0;39m][0;39m - Bootstrapping Spring Data Redis repositories in DEFAULT mode.
[2023-06-28 17:36:48:977 ] [32m[main][0;39m [34mINFO [0;39m [1;37m[org.springframework.data.repository.config.RepositoryConfigurationExtensionSupport.isStrictRepositoryCandidate:[33m349[0;39m][0;39m - Spring Data Redis - Could not safely identify store assignment for repository candidate interface com.kakaobean.core.member.domain.repository.MemberRepository; If you want this repository to be a Redis repository, consider annotating your entities with one of these annotations: org.springframework.data.redis.core.RedisHash (preferred), or consider extending one of the following types with your repository: org.springframework.data.keyvalue.repository.KeyValueRepository
[2023-06-28 17:36:48:977 ] [32m[main][0;39m [34mINFO [0;39m [1;37m[org.springframework.data.repository.config.RepositoryConfigurationDelegate.registerRepositoriesIn:[33m201[0;39m][0;39m - Finished Spring Data repository scanning in 6 ms. Found 0 Redis repository interfaces.
[2023-06-28 17:36:48:1244] [32m[main][0;39m [34mINFO [0;39m [1;37m[org.springframework.boot.web.embedded.tomcat.TomcatWebServer.initialize:[33m108[0;39m][0;39m - Tomcat initialized with port(s): 8080 (http)
[2023-06-28 17:36:48:1249] [32m[main][0;39m [34mINFO [0;39m [1;37m[org.apache.juli.logging.DirectJDKLog.log:[33m173[0;39m][0;39m - Initializing ProtocolHandler ["http-nio-8080"]
[2023-06-28 17:36:48:1249] [32m[main][0;39m [34mINFO [0;39m [1;37m[org.apache.juli.logging.DirectJDKLog.log:[33m173[0;39m][0;39m - Starting service [Tomcat]
[2023-06-28 17:36:48:1249] [32m[main][0;39m [34mINFO [0;39m [1;37m[org.apache.juli.logging.DirectJDKLog.log:[33m173[0;39m][0;39m - Starting Servlet engine: [Apache Tomcat/9.0.71]
[2023-06-28 17:36:49:1298] [32m[main][0;39m [34mINFO [0;39m [1;37m[org.apache.juli.logging.DirectJDKLog.log:[33m173[0;39m][0;39m - Initializing Spring embedded WebApplicationContext
[2023-06-28 17:36:49:1299] [32m[main][0;39m [34mINFO [0;39m [1;37m[org.springframework.boot.web.servlet.context.ServletWebServerApplicationContext.prepareWebApplicationContext:[33m292[0;39m][0;39m - Root WebApplicationContext: initialization completed in 960 ms
[2023-06-28 17:36:49:1439] [32m[main][0;39m [34mINFO [0;39m [1;37m[org.hibernate.jpa.internal.util.LogHelper.logPersistenceUnitInformation:[33m31[0;39m][0;39m - HHH000204: Processing PersistenceUnitInfo [name: default]
[2023-06-28 17:36:49:1465] [32m[main][0;39m [34mINFO [0;39m [1;37m[org.hibernate.Version.logVersion:[33m44[0;39m][0;39m - HHH000412: Hibernate ORM core version 5.6.15.Final
[2023-06-28 17:36:49:1535] [32m[main][0;39m [34mINFO [0;39m [1;37m[org.hibernate.annotations.common.reflection.java.JavaReflectionManager.<clinit>:[33m56[0;39m][0;39m - HCANN000001: Hibernate Commons Annotations {5.1.2.Final}
[2023-06-28 17:36:49:1575] [32m[main][0;39m [34mINFO [0;39m [1;37m[com.zaxxer.hikari.HikariDataSource.getConnection:[33m110[0;39m][0;39m - HikariPool-1 - Starting...
[2023-06-28 17:36:49:1740] [32m[main][0;39m [34mINFO [0;39m [1;37m[com.zaxxer.hikari.HikariDataSource.getConnection:[33m123[0;39m][0;39m - HikariPool-1 - Start completed.
[2023-06-28 17:36:49:1749] [32m[main][0;39m [34mINFO [0;39m [1;37m[org.hibernate.dialect.Dialect.<init>:[33m175[0;39m][0;39m - HHH000400: Using dialect: org.hibernate.dialect.MySQL8Dialect
[2023-06-28 17:36:50:2335] [32m[main][0;39m [34mINFO [0;39m [1;37m[org.hibernate.engine.transaction.jta.platform.internal.JtaPlatformInitiator.initiateService:[33m52[0;39m][0;39m - HHH000490: Using JtaPlatform implementation: [org.hibernate.engine.transaction.jta.platform.internal.NoJtaPlatform]
[2023-06-28 17:36:50:2341] [32m[main][0;39m [34mINFO [0;39m [1;37m[org.springframework.orm.jpa.AbstractEntityManagerFactoryBean.buildNativeEntityManagerFactory:[33m437[0;39m][0;39m - Initialized JPA EntityManagerFactory for persistence unit 'default'
[2023-06-28 17:36:50:3058] [32m[main][0;39m [34mINFO [0;39m [1;37m[org.springframework.security.web.DefaultSecurityFilterChain.<init>:[33m55[0;39m][0;39m - Will secure any request with [org.springframework.security.web.session.DisableEncodeUrlFilter@89017e5, org.springframework.security.web.context.request.async.WebAsyncManagerIntegrationFilter@6426ad0b, org.springframework.security.web.context.SecurityContextPersistenceFilter@7b6e196e, org.springframework.security.web.header.HeaderWriterFilter@76ea1cb5, org.springframework.web.filter.CorsFilter@a9f7cf8, org.springframework.security.web.authentication.logout.LogoutFilter@6101fd7d, org.springframework.security.oauth2.client.web.OAuth2AuthorizationRequestRedirectFilter@75381b61, org.springframework.security.oauth2.client.web.OAuth2LoginAuthenticationFilter@2801ccb3, com.kakaobean.security.TokenAuthenticationFilter@13346a64, com.kakaobean.security.local.LoginFilter@5339cdc6, org.springframework.security.web.savedrequest.RequestCacheAwareFilter@137a70f1, org.springframework.security.web.servletapi.SecurityContextHolderAwareRequestFilter@5f1bd673, org.springframework.security.web.authentication.AnonymousAuthenticationFilter@5b9ed77b, org.springframework.security.web.session.SessionManagementFilter@6a94bd69, org.springframework.security.web.access.ExceptionTranslationFilter@7d661205, org.springframework.security.web.access.intercept.FilterSecurityInterceptor@828e2d8]
[2023-06-28 17:36:50:3242] [32m[main][0;39m [34mINFO [0;39m [1;37m[org.apache.juli.logging.DirectJDKLog.log:[33m173[0;39m][0;39m - Starting ProtocolHandler ["http-nio-8080"]
[2023-06-28 17:36:50:3253] [32m[main][0;39m [34mINFO [0;39m [1;37m[org.springframework.boot.web.embedded.tomcat.TomcatWebServer.start:[33m220[0;39m][0;39m - Tomcat started on port(s): 8080 (http) with context path ''
[2023-06-28 17:36:51:3285] [32m[main][0;39m [34mINFO [0;39m [1;37m[org.springframework.boot.web.embedded.tomcat.TomcatWebServer.initialize:[33m108[0;39m][0;39m - Tomcat initialized with port(s): 9292 (http)
[2023-06-28 17:36:51:3285] [32m[main][0;39m [34mINFO [0;39m [1;37m[org.apache.juli.logging.DirectJDKLog.log:[33m173[0;39m][0;39m - Initializing ProtocolHandler ["http-nio-9292"]
[2023-06-28 17:36:51:3285] [32m[main][0;39m [34mINFO [0;39m [1;37m[org.apache.juli.logging.DirectJDKLog.log:[33m173[0;39m][0;39m - Starting service [Tomcat]
[2023-06-28 17:36:51:3285] [32m[main][0;39m [34mINFO [0;39m [1;37m[org.apache.juli.logging.DirectJDKLog.log:[33m173[0;39m][0;39m - Starting Servlet engine: [Apache Tomcat/9.0.71]
[2023-06-28 17:36:51:3299] [32m[main][0;39m [34mINFO [0;39m [1;37m[org.apache.juli.logging.DirectJDKLog.log:[33m173[0;39m][0;39m - Initializing Spring embedded WebApplicationContext
[2023-06-28 17:36:51:3299] [32m[main][0;39m [34mINFO [0;39m [1;37m[org.springframework.boot.web.servlet.context.ServletWebServerApplicationContext.prepareWebApplicationContext:[33m292[0;39m][0;39m - Root WebApplicationContext: initialization completed in 44 ms
[2023-06-28 17:36:51:3304] [32m[main][0;39m [34mINFO [0;39m [1;37m[org.springframework.boot.actuate.endpoint.web.EndpointLinksResolver.<init>:[33m58[0;39m][0;39m - Exposing 14 endpoint(s) beneath base path '/actuator'
[2023-06-28 17:36:51:3322] [32m[main][0;39m [34mINFO [0;39m [1;37m[org.apache.juli.logging.DirectJDKLog.log:[33m173[0;39m][0;39m - Starting ProtocolHandler ["http-nio-9292"]
[2023-06-28 17:36:51:3323] [32m[main][0;39m [34mINFO [0;39m [1;37m[org.springframework.boot.web.embedded.tomcat.TomcatWebServer.start:[33m220[0;39m][0;39m - Tomcat started on port(s): 9292 (http) with context path ''
[2023-06-28 17:36:51:3333] [32m[main][0;39m [34mINFO [0;39m [1;37m[org.springframework.boot.StartupInfoLogger.logStarted:[33m61[0;39m][0;39m - Started KakaoBeanApplication in 3.258 seconds (JVM running for 3.559)
[2023-06-28 17:36:51:3569] [32m[RMI TCP Connection(3)-127.0.0.1][0;39m [34mINFO [0;39m [1;37m[org.apache.juli.logging.DirectJDKLog.log:[33m173[0;39m][0;39m - Initializing Spring DispatcherServlet 'dispatcherServlet'
[2023-06-28 17:36:51:3569] [32m[RMI TCP Connection(3)-127.0.0.1][0;39m [34mINFO [0;39m [1;37m[org.springframework.web.servlet.FrameworkServlet.initServletBean:[33m525[0;39m][0;39m - Initializing Servlet 'dispatcherServlet'
[2023-06-28 17:36:51:3571] [32m[RMI TCP Connection(3)-127.0.0.1][0;39m [34mINFO [0;39m [1;37m[org.springframework.web.servlet.FrameworkServlet.initServletBean:[33m547[0;39m][0;39m - Completed initialization in 2 ms
[2023-06-28 18:30:02:3194284] [32m[SpringApplicationShutdownHook][0;39m [34mINFO [0;39m [1;37m[org.springframework.orm.jpa.AbstractEntityManagerFactoryBean.destroy:[33m651[0;39m][0;39m - Closing JPA EntityManagerFactory for persistence unit 'default'
[2023-06-28 18:30:02:3194298] [32m[SpringApplicationShutdownHook][0;39m [34mINFO [0;39m [1;37m[com.zaxxer.hikari.HikariDataSource.close:[33m350[0;39m][0;39m - HikariPool-1 - Shutdown initiated...
[2023-06-28 18:30:02:3194369] [32m[SpringApplicationShutdownHook][0;39m [34mINFO [0;39m [1;37m[com.zaxxer.hikari.HikariDataSource.close:[33m352[0;39m][0;39m - HikariPool-1 - Shutdown completed.
[2023-06-28 18:30:06:643 ] [32m[main][0;39m [34mINFO [0;39m [1;37m[org.springframework.boot.StartupInfoLogger.logStarting:[33m55[0;39m][0;39m - Starting KakaoBeanApplication using Java 17.0.6 on ansubin-ui-MacBookAir.local with PID 85274 (/Users/ansubin/Desktop/카엔프 학기 중 프로젝트/summer-corporate-practice-backend/api/build/classes/java/main started by ansubin in /Users/ansubin/Desktop/카엔프 학기 중 프로젝트/summer-corporate-practice-backend)
[2023-06-28 18:30:06:648 ] [32m[main][0;39m [34mINFO [0;39m [1;37m[org.springframework.boot.SpringApplication.logStartupProfileInfo:[33m637[0;39m][0;39m - The following 2 profiles are active: "core", "independently-system"
[2023-06-28 18:30:06:649 ] [32m[background-preinit][0;39m [34mINFO [0;39m [1;37m[org.hibernate.validator.internal.util.Version.<clinit>:[33m21[0;39m][0;39m - HV000001: Hibernate Validator 6.2.5.Final
[2023-06-28 18:30:06:1334] [32m[main][0;39m [34mINFO [0;39m [1;37m[org.springframework.data.repository.config.RepositoryConfigurationDelegate.multipleStoresDetected:[33m262[0;39m][0;39m - Multiple Spring Data modules found, entering strict repository configuration mode
[2023-06-28 18:30:06:1334] [32m[main][0;39m [34mINFO [0;39m [1;37m[org.springframework.data.repository.config.RepositoryConfigurationDelegate.registerRepositoriesIn:[33m132[0;39m][0;39m - Bootstrapping Spring Data JPA repositories in DEFAULT mode.
[2023-06-28 18:30:06:1379] [32m[main][0;39m [34mINFO [0;39m [1;37m[org.springframework.data.repository.config.RepositoryConfigurationDelegate.registerRepositoriesIn:[33m201[0;39m][0;39m - Finished Spring Data repository scanning in 41 ms. Found 1 JPA repository interfaces.
[2023-06-28 18:30:06:1386] [32m[main][0;39m [34mINFO [0;39m [1;37m[org.springframework.data.repository.config.RepositoryConfigurationDelegate.multipleStoresDetected:[33m262[0;39m][0;39m - Multiple Spring Data modules found, entering strict repository configuration mode
[2023-06-28 18:30:06:1387] [32m[main][0;39m [34mINFO [0;39m [1;37m[org.springframework.data.repository.config.RepositoryConfigurationDelegate.registerRepositoriesIn:[33m132[0;39m][0;39m - Bootstrapping Spring Data Redis repositories in DEFAULT mode.
[2023-06-28 18:30:06:1398] [32m[main][0;39m [34mINFO [0;39m [1;37m[org.springframework.data.repository.config.RepositoryConfigurationExtensionSupport.isStrictRepositoryCandidate:[33m349[0;39m][0;39m - Spring Data Redis - Could not safely identify store assignment for repository candidate interface com.kakaobean.core.member.domain.repository.MemberRepository; If you want this repository to be a Redis repository, consider annotating your entities with one of these annotations: org.springframework.data.redis.core.RedisHash (preferred), or consider extending one of the following types with your repository: org.springframework.data.keyvalue.repository.KeyValueRepository
[2023-06-28 18:30:06:1398] [32m[main][0;39m [34mINFO [0;39m [1;37m[org.springframework.data.repository.config.RepositoryConfigurationDelegate.registerRepositoriesIn:[33m201[0;39m][0;39m - Finished Spring Data repository scanning in 6 ms. Found 0 Redis repository interfaces.
[2023-06-28 18:30:07:1766] [32m[main][0;39m [34mINFO [0;39m [1;37m[org.springframework.boot.web.embedded.tomcat.TomcatWebServer.initialize:[33m108[0;39m][0;39m - Tomcat initialized with port(s): 8080 (http)
[2023-06-28 18:30:07:1771] [32m[main][0;39m [34mINFO [0;39m [1;37m[org.apache.juli.logging.DirectJDKLog.log:[33m173[0;39m][0;39m - Initializing ProtocolHandler ["http-nio-8080"]
[2023-06-28 18:30:07:1771] [32m[main][0;39m [34mINFO [0;39m [1;37m[org.apache.juli.logging.DirectJDKLog.log:[33m173[0;39m][0;39m - Starting service [Tomcat]
[2023-06-28 18:30:07:1771] [32m[main][0;39m [34mINFO [0;39m [1;37m[org.apache.juli.logging.DirectJDKLog.log:[33m173[0;39m][0;39m - Starting Servlet engine: [Apache Tomcat/9.0.71]
[2023-06-28 18:30:07:1824] [32m[main][0;39m [34mINFO [0;39m [1;37m[org.apache.juli.logging.DirectJDKLog.log:[33m173[0;39m][0;39m - Initializing Spring embedded WebApplicationContext
[2023-06-28 18:30:07:1824] [32m[main][0;39m [34mINFO [0;39m [1;37m[org.springframework.boot.web.servlet.context.ServletWebServerApplicationContext.prepareWebApplicationContext:[33m292[0;39m][0;39m - Root WebApplicationContext: initialization completed in 1122 ms
[2023-06-28 18:30:07:1982] [32m[main][0;39m [34mINFO [0;39m [1;37m[org.hibernate.jpa.internal.util.LogHelper.logPersistenceUnitInformation:[33m31[0;39m][0;39m - HHH000204: Processing PersistenceUnitInfo [name: default]
[2023-06-28 18:30:07:2010] [32m[main][0;39m [34mINFO [0;39m [1;37m[org.hibernate.Version.logVersion:[33m44[0;39m][0;39m - HHH000412: Hibernate ORM core version 5.6.15.Final
[2023-06-28 18:30:07:2084] [32m[main][0;39m [34mINFO [0;39m [1;37m[org.hibernate.annotations.common.reflection.java.JavaReflectionManager.<clinit>:[33m56[0;39m][0;39m - HCANN000001: Hibernate Commons Annotations {5.1.2.Final}
[2023-06-28 18:30:07:2126] [32m[main][0;39m [34mINFO [0;39m [1;37m[com.zaxxer.hikari.HikariDataSource.getConnection:[33m110[0;39m][0;39m - HikariPool-1 - Starting...
[2023-06-28 18:30:07:2328] [32m[main][0;39m [34mINFO [0;39m [1;37m[com.zaxxer.hikari.HikariDataSource.getConnection:[33m123[0;39m][0;39m - HikariPool-1 - Start completed.
[2023-06-28 18:30:07:2340] [32m[main][0;39m [34mINFO [0;39m [1;37m[org.hibernate.dialect.Dialect.<init>:[33m175[0;39m][0;39m - HHH000400: Using dialect: org.hibernate.dialect.MySQL8Dialect
[2023-06-28 18:30:08:3058] [32m[main][0;39m [34mINFO [0;39m [1;37m[org.hibernate.engine.transaction.jta.platform.internal.JtaPlatformInitiator.initiateService:[33m52[0;39m][0;39m - HHH000490: Using JtaPlatform implementation: [org.hibernate.engine.transaction.jta.platform.internal.NoJtaPlatform]
[2023-06-28 18:30:08:3067] [32m[main][0;39m [34mINFO [0;39m [1;37m[org.springframework.orm.jpa.AbstractEntityManagerFactoryBean.buildNativeEntityManagerFactory:[33m437[0;39m][0;39m - Initialized JPA EntityManagerFactory for persistence unit 'default'
[2023-06-28 18:30:09:3824] [32m[main][0;39m [34mINFO [0;39m [1;37m[org.springframework.security.web.DefaultSecurityFilterChain.<init>:[33m55[0;39m][0;39m - Will secure any request with [org.springframework.security.web.session.DisableEncodeUrlFilter@5a0c0680, org.springframework.security.web.context.request.async.WebAsyncManagerIntegrationFilter@18d963be, org.springframework.security.web.context.SecurityContextPersistenceFilter@5c940e28, org.springframework.security.web.header.HeaderWriterFilter@55f29d39, org.springframework.web.filter.CorsFilter@2d2697a8, org.springframework.security.web.authentication.logout.LogoutFilter@655875bb, org.springframework.security.oauth2.client.web.OAuth2AuthorizationRequestRedirectFilter@14941b06, org.springframework.security.oauth2.client.web.OAuth2LoginAuthenticationFilter@7d776105, com.kakaobean.security.TokenAuthenticationFilter@7fb1820d, com.kakaobean.security.local.LoginFilter@17f5b53a, org.springframework.security.web.savedrequest.RequestCacheAwareFilter@41f3f64, org.springframework.security.web.servletapi.SecurityContextHolderAwareRequestFilter@454f6cc5, org.springframework.security.web.authentication.AnonymousAuthenticationFilter@2df79942, org.springframework.security.web.session.SessionManagementFilter@c50d1b2, org.springframework.security.web.access.ExceptionTranslationFilter@299e245c, org.springframework.security.web.access.intercept.FilterSecurityInterceptor@4b024fb2]
[2023-06-28 18:30:09:3996] [32m[main][0;39m [34mINFO [0;39m [1;37m[org.apache.juli.logging.DirectJDKLog.log:[33m173[0;39m][0;39m - Starting ProtocolHandler ["http-nio-8080"]
[2023-06-28 18:30:09:4008] [32m[main][0;39m [34mINFO [0;39m [1;37m[org.springframework.boot.web.embedded.tomcat.TomcatWebServer.start:[33m220[0;39m][0;39m - Tomcat started on port(s): 8080 (http) with context path ''
[2023-06-28 18:30:09:4041] [32m[main][0;39m [34mINFO [0;39m [1;37m[org.springframework.boot.web.embedded.tomcat.TomcatWebServer.initialize:[33m108[0;39m][0;39m - Tomcat initialized with port(s): 9292 (http)
[2023-06-28 18:30:09:4041] [32m[main][0;39m [34mINFO [0;39m [1;37m[org.apache.juli.logging.DirectJDKLog.log:[33m173[0;39m][0;39m - Initializing ProtocolHandler ["http-nio-9292"]
[2023-06-28 18:30:09:4041] [32m[main][0;39m [34mINFO [0;39m [1;37m[org.apache.juli.logging.DirectJDKLog.log:[33m173[0;39m][0;39m - Starting service [Tomcat]
[2023-06-28 18:30:09:4041] [32m[main][0;39m [34mINFO [0;39m [1;37m[org.apache.juli.logging.DirectJDKLog.log:[33m173[0;39m][0;39m - Starting Servlet engine: [Apache Tomcat/9.0.71]
[2023-06-28 18:30:09:4053] [32m[main][0;39m [34mINFO [0;39m [1;37m[org.apache.juli.logging.DirectJDKLog.log:[33m173[0;39m][0;39m - Initializing Spring embedded WebApplicationContext
[2023-06-28 18:30:09:4053] [32m[main][0;39m [34mINFO [0;39m [1;37m[org.springframework.boot.web.servlet.context.ServletWebServerApplicationContext.prepareWebApplicationContext:[33m292[0;39m][0;39m - Root WebApplicationContext: initialization completed in 42 ms
[2023-06-28 18:30:09:4059] [32m[main][0;39m [34mINFO [0;39m [1;37m[org.springframework.boot.actuate.endpoint.web.EndpointLinksResolver.<init>:[33m58[0;39m][0;39m - Exposing 14 endpoint(s) beneath base path '/actuator'
[2023-06-28 18:30:09:4077] [32m[main][0;39m [34mINFO [0;39m [1;37m[org.apache.juli.logging.DirectJDKLog.log:[33m173[0;39m][0;39m - Starting ProtocolHandler ["http-nio-9292"]
[2023-06-28 18:30:09:4078] [32m[main][0;39m [34mINFO [0;39m [1;37m[org.springframework.boot.web.embedded.tomcat.TomcatWebServer.start:[33m220[0;39m][0;39m - Tomcat started on port(s): 9292 (http) with context path ''
[2023-06-28 18:30:09:4089] [32m[main][0;39m [34mINFO [0;39m [1;37m[org.springframework.boot.StartupInfoLogger.logStarted:[33m61[0;39m][0;39m - Started KakaoBeanApplication in 3.888 seconds (JVM running for 4.663)
[2023-06-28 18:30:09:4373] [32m[RMI TCP Connection(2)-127.0.0.1][0;39m [34mINFO [0;39m [1;37m[org.apache.juli.logging.DirectJDKLog.log:[33m173[0;39m][0;39m - Initializing Spring DispatcherServlet 'dispatcherServlet'
[2023-06-28 18:30:09:4373] [32m[RMI TCP Connection(2)-127.0.0.1][0;39m [34mINFO [0;39m [1;37m[org.springframework.web.servlet.FrameworkServlet.initServletBean:[33m525[0;39m][0;39m - Initializing Servlet 'dispatcherServlet'
[2023-06-28 18:30:09:4374] [32m[RMI TCP Connection(2)-127.0.0.1][0;39m [34mINFO [0;39m [1;37m[org.springframework.web.servlet.FrameworkServlet.initServletBean:[33m547[0;39m][0;39m - Completed initialization in 1 ms
